2017/02/12 18:30:43 INFO  - jmeter.util.JMeterUtils: Setting Locale to en_AU 
2017/02/12 18:30:43 INFO  - jmeter.JMeter: Loading user properties from: /usr/local/share/jmeter-3.0/bin/user.properties 
2017/02/12 18:30:43 INFO  - jmeter.JMeter: Loading system properties from: /usr/local/share/jmeter-3.0/bin/system.properties 
2017/02/12 18:30:43 INFO  - jmeter.JMeter: Copyright (c) 1998-2016 The Apache Software Foundation 
2017/02/12 18:30:43 INFO  - jmeter.JMeter: Version 3.0 r1743807 
2017/02/12 18:30:43 INFO  - jmeter.JMeter: java.version=1.8.0_65 
2017/02/12 18:30:43 INFO  - jmeter.JMeter: java.vm.name=Java HotSpot(TM) 64-Bit Server VM 
2017/02/12 18:30:43 INFO  - jmeter.JMeter: os.name=Mac OS X 
2017/02/12 18:30:43 INFO  - jmeter.JMeter: os.arch=x86_64 
2017/02/12 18:30:43 INFO  - jmeter.JMeter: os.version=10.12.3 
2017/02/12 18:30:43 INFO  - jmeter.JMeter: file.encoding=UTF-8 
2017/02/12 18:30:43 INFO  - jmeter.JMeter: Max memory     =514850816 
2017/02/12 18:30:43 INFO  - jmeter.JMeter: Available Processors =4 
2017/02/12 18:30:43 INFO  - jmeter.JMeter: Default Locale=English (Australia) 
2017/02/12 18:30:43 INFO  - jmeter.JMeter: JMeter  Locale=English (Australia) 
2017/02/12 18:30:43 INFO  - jmeter.JMeter: JMeterHome=/usr/local/share/jmeter-3.0 
2017/02/12 18:30:43 INFO  - jmeter.JMeter: user.dir  =/Users/timkoopmans/Git/90kts/wopr25/tcp_reset_demo 
2017/02/12 18:30:43 INFO  - jmeter.JMeter: PWD       =/Users/timkoopmans/Git/90kts/wopr25/tcp_reset_demo 
2017/02/12 18:30:43 INFO  - jmeter.JMeter: IP: 172.20.10.2 Name: flood.local FullName: 172.20.10.2 
2017/02/12 18:30:43 INFO  - jmeter.services.FileServer: Default base='/Users/timkoopmans/Git/90kts/wopr25/tcp_reset_demo' 
2017/02/12 18:30:43 INFO  - jmeter.services.FileServer: Set new base='/Users/timkoopmans/Git/90kts/wopr25/tcp_reset_demo' 
2017/02/12 18:30:43 INFO  - jmeter.save.SaveService: Testplan (JMX) version: 2.2. Testlog (JTL) version: 2.2 
2017/02/12 18:30:43 INFO  - jmeter.save.SaveService: Using SaveService properties file encoding UTF-8 
2017/02/12 18:30:43 INFO  - jmeter.save.SaveService: Using SaveService properties version 2.9 
2017/02/12 18:30:43 INFO  - jmeter.save.SaveService: All converter versions present and correct 
2017/02/12 18:30:43 INFO  - jmeter.save.SaveService: Loading file: tcp_reset_demo.jmx 
2017/02/12 18:30:43 INFO  - jmeter.protocol.http.sampler.HTTPSamplerBase: Parser for text/html is org.apache.jmeter.protocol.http.parser.LagartoBasedHtmlParser 
2017/02/12 18:30:43 INFO  - jmeter.protocol.http.sampler.HTTPSamplerBase: Parser for application/xhtml+xml is org.apache.jmeter.protocol.http.parser.LagartoBasedHtmlParser 
2017/02/12 18:30:43 INFO  - jmeter.protocol.http.sampler.HTTPSamplerBase: Parser for application/xml is org.apache.jmeter.protocol.http.parser.LagartoBasedHtmlParser 
2017/02/12 18:30:43 INFO  - jmeter.protocol.http.sampler.HTTPSamplerBase: Parser for text/xml is org.apache.jmeter.protocol.http.parser.LagartoBasedHtmlParser 
2017/02/12 18:30:43 INFO  - jmeter.protocol.http.sampler.HTTPSamplerBase: Parser for text/vnd.wap.wml is org.apache.jmeter.protocol.http.parser.RegexpHTMLParser 
2017/02/12 18:30:43 INFO  - jmeter.protocol.http.sampler.HTTPSamplerBase: Parser for text/css is org.apache.jmeter.protocol.http.parser.CssParser 
2017/02/12 18:30:43 INFO  - jmeter.engine.StandardJMeterEngine: Running the test! 
2017/02/12 18:30:43 INFO  - jmeter.samplers.SampleEvent: List of sample_variables: [uuid] 
2017/02/12 18:30:43 INFO  - jmeter.samplers.SampleEvent: List of sample_variables: [uuid] 
2017/02/12 18:30:43 INFO  - jmeter.engine.util.CompoundVariable: Note: Function class names must contain the string: '.functions.' 
2017/02/12 18:30:43 INFO  - jmeter.engine.util.CompoundVariable: Note: Function class names must not contain the string: '.gui.' 
2017/02/12 18:30:43 INFO  - jmeter.JMeter: Running test (1486884643621) 
2017/02/12 18:30:43 INFO  - jmeter.engine.StandardJMeterEngine: Starting ThreadGroup: 1 : Thread Group 
2017/02/12 18:30:43 INFO  - jmeter.engine.StandardJMeterEngine: Starting 100 threads for group Thread Group. 
2017/02/12 18:30:43 INFO  - jmeter.engine.StandardJMeterEngine: Thread will continue on error 
2017/02/12 18:30:43 INFO  - jmeter.threads.ThreadGroup: Starting thread group number 1 threads 100 ramp-up 1 perThread 10.0 delayedStart=false 
2017/02/12 18:30:43 INFO  - jmeter.threads.JMeterThread: Thread started: Thread Group 1-1 
2017/02/12 18:30:43 INFO  - jmeter.threads.JMeterThread: Thread started: Thread Group 1-2 
2017/02/12 18:30:43 INFO  - jmeter.threads.JMeterThread: Thread started: Thread Group 1-3 
2017/02/12 18:30:43 INFO  - jmeter.protocol.http.sampler.HTTPHCAbstractImpl: Local host = flood.local 
2017/02/12 18:30:43 INFO  - jmeter.threads.JMeterThread: Thread started: Thread Group 1-4 
2017/02/12 18:30:43 INFO  - jmeter.protocol.http.sampler.HTTPHC4Impl: HTTP request retry count = 3 
2017/02/12 18:30:43 INFO  - jmeter.threads.ThreadGroup: Started thread group number 1 
2017/02/12 18:30:43 INFO  - jmeter.engine.StandardJMeterEngine: All thread groups have been started 
2017/02/12 18:30:43 INFO  - jmeter.threads.JMeterThread: Thread started: Thread Group 1-5 
2017/02/12 18:30:43 INFO  - jmeter.samplers.SampleResult: Note: Sample TimeStamps are START times 
2017/02/12 18:30:43 INFO  - jmeter.samplers.SampleResult: sampleresult.default.encoding is set to ISO-8859-1 
2017/02/12 18:30:43 INFO  - jmeter.samplers.SampleResult: sampleresult.useNanoTime=true 
2017/02/12 18:30:43 INFO  - jmeter.samplers.SampleResult: sampleresult.nanoThreadSleep=5000 
2017/02/12 18:30:43 INFO  - jmeter.threads.JMeterThread: Thread started: Thread Group 1-6 
2017/02/12 18:30:43 INFO  - jmeter.threads.JMeterThread: Thread started: Thread Group 1-7 
2017/02/12 18:30:43 INFO  - jmeter.threads.JMeterThread: Thread started: Thread Group 1-8 
2017/02/12 18:30:43 INFO  - jmeter.threads.JMeterThread: Thread started: Thread Group 1-9 
2017/02/12 18:30:43 INFO  - jmeter.threads.JMeterThread: Thread started: Thread Group 1-10 
2017/02/12 18:30:43 INFO  - jmeter.threads.JMeterThread: Thread started: Thread Group 1-11 
2017/02/12 18:30:43 INFO  - jmeter.threads.JMeterThread: Thread started: Thread Group 1-12 
2017/02/12 18:30:43 INFO  - jmeter.threads.JMeterThread: Thread started: Thread Group 1-13 
2017/02/12 18:30:43 INFO  - jmeter.threads.JMeterThread: Thread started: Thread Group 1-14 
2017/02/12 18:30:43 INFO  - jmeter.threads.JMeterThread: Thread started: Thread Group 1-15 
2017/02/12 18:30:43 INFO  - jmeter.threads.JMeterThread: Thread started: Thread Group 1-16 
2017/02/12 18:30:43 INFO  - jmeter.threads.JMeterThread: Thread started: Thread Group 1-17 
2017/02/12 18:30:43 INFO  - jmeter.threads.JMeterThread: Thread started: Thread Group 1-18 
2017/02/12 18:30:43 INFO  - jmeter.threads.JMeterThread: Thread started: Thread Group 1-19 
2017/02/12 18:30:43 INFO  - jmeter.threads.JMeterThread: Thread started: Thread Group 1-20 
2017/02/12 18:30:43 INFO  - jmeter.threads.JMeterThread: Thread started: Thread Group 1-21 
2017/02/12 18:30:43 INFO  - jmeter.threads.JMeterThread: Thread started: Thread Group 1-22 
2017/02/12 18:30:43 INFO  - jmeter.threads.JMeterThread: Thread started: Thread Group 1-23 
2017/02/12 18:30:43 INFO  - jmeter.threads.JMeterThread: Thread started: Thread Group 1-24 
2017/02/12 18:30:43 INFO  - jmeter.threads.JMeterThread: Thread started: Thread Group 1-25 
2017/02/12 18:30:43 INFO  - jmeter.threads.JMeterThread: Thread started: Thread Group 1-26 
2017/02/12 18:30:43 INFO  - jmeter.threads.JMeterThread: Thread started: Thread Group 1-27 
2017/02/12 18:30:43 INFO  - jmeter.threads.JMeterThread: Thread started: Thread Group 1-28 
2017/02/12 18:30:43 INFO  - jmeter.threads.JMeterThread: Thread started: Thread Group 1-29 
2017/02/12 18:30:43 INFO  - jmeter.threads.JMeterThread: Thread started: Thread Group 1-30 
2017/02/12 18:30:43 INFO  - jmeter.threads.JMeterThread: Thread started: Thread Group 1-31 
2017/02/12 18:30:44 INFO  - jmeter.threads.JMeterThread: Thread started: Thread Group 1-32 
2017/02/12 18:30:44 INFO  - jmeter.threads.JMeterThread: Thread started: Thread Group 1-33 
2017/02/12 18:30:44 INFO  - jmeter.threads.JMeterThread: Thread started: Thread Group 1-34 
2017/02/12 18:30:44 INFO  - jmeter.threads.JMeterThread: Thread started: Thread Group 1-35 
2017/02/12 18:30:44 INFO  - jmeter.threads.JMeterThread: Thread started: Thread Group 1-36 
2017/02/12 18:30:44 INFO  - jmeter.threads.JMeterThread: Thread started: Thread Group 1-37 
2017/02/12 18:30:44 INFO  - jmeter.threads.JMeterThread: Thread started: Thread Group 1-38 
2017/02/12 18:30:44 INFO  - jmeter.threads.JMeterThread: Thread started: Thread Group 1-39 
2017/02/12 18:30:44 INFO  - jmeter.threads.JMeterThread: Thread started: Thread Group 1-40 
2017/02/12 18:30:44 INFO  - jmeter.threads.JMeterThread: Thread started: Thread Group 1-41 
2017/02/12 18:30:44 INFO  - jmeter.threads.JMeterThread: Thread started: Thread Group 1-42 
2017/02/12 18:30:44 INFO  - jmeter.threads.JMeterThread: Thread started: Thread Group 1-43 
2017/02/12 18:30:44 INFO  - jmeter.threads.JMeterThread: Thread started: Thread Group 1-44 
2017/02/12 18:30:44 INFO  - jmeter.threads.JMeterThread: Thread started: Thread Group 1-45 
2017/02/12 18:30:44 INFO  - jmeter.threads.JMeterThread: Thread started: Thread Group 1-46 
2017/02/12 18:30:44 INFO  - jmeter.threads.JMeterThread: Thread started: Thread Group 1-47 
2017/02/12 18:30:44 INFO  - jmeter.threads.JMeterThread: Thread started: Thread Group 1-48 
2017/02/12 18:30:44 INFO  - jmeter.threads.JMeterThread: Thread started: Thread Group 1-49 
2017/02/12 18:30:44 INFO  - jmeter.threads.JMeterThread: Thread started: Thread Group 1-50 
2017/02/12 18:30:44 INFO  - jmeter.threads.JMeterThread: Thread started: Thread Group 1-51 
2017/02/12 18:30:44 INFO  - jmeter.threads.JMeterThread: Thread started: Thread Group 1-52 
2017/02/12 18:30:44 INFO  - jmeter.threads.JMeterThread: Thread started: Thread Group 1-53 
2017/02/12 18:30:44 INFO  - jmeter.threads.JMeterThread: Thread started: Thread Group 1-54 
2017/02/12 18:30:44 INFO  - jmeter.threads.JMeterThread: Thread started: Thread Group 1-55 
2017/02/12 18:30:44 INFO  - jmeter.threads.JMeterThread: Thread started: Thread Group 1-56 
2017/02/12 18:30:44 INFO  - jmeter.threads.JMeterThread: Thread started: Thread Group 1-57 
2017/02/12 18:30:44 INFO  - jmeter.threads.JMeterThread: Thread started: Thread Group 1-58 
2017/02/12 18:30:44 INFO  - jmeter.threads.JMeterThread: Thread started: Thread Group 1-59 
2017/02/12 18:30:44 INFO  - jmeter.threads.JMeterThread: Thread started: Thread Group 1-60 
2017/02/12 18:30:44 INFO  - jmeter.threads.JMeterThread: Thread started: Thread Group 1-61 
2017/02/12 18:30:44 INFO  - jmeter.threads.JMeterThread: Thread started: Thread Group 1-62 
2017/02/12 18:30:44 INFO  - jmeter.threads.JMeterThread: Thread started: Thread Group 1-63 
2017/02/12 18:30:44 INFO  - jmeter.threads.JMeterThread: Thread started: Thread Group 1-64 
2017/02/12 18:30:44 INFO  - jmeter.threads.JMeterThread: Thread started: Thread Group 1-65 
2017/02/12 18:30:44 INFO  - jmeter.threads.JMeterThread: Thread started: Thread Group 1-66 
2017/02/12 18:30:44 INFO  - jmeter.threads.JMeterThread: Thread started: Thread Group 1-67 
2017/02/12 18:30:44 INFO  - jmeter.threads.JMeterThread: Thread started: Thread Group 1-68 
2017/02/12 18:30:44 INFO  - jmeter.threads.JMeterThread: Thread started: Thread Group 1-69 
2017/02/12 18:30:44 INFO  - jmeter.threads.JMeterThread: Thread started: Thread Group 1-70 
2017/02/12 18:30:44 INFO  - jmeter.threads.JMeterThread: Thread started: Thread Group 1-71 
2017/02/12 18:30:44 INFO  - jmeter.threads.JMeterThread: Thread started: Thread Group 1-72 
2017/02/12 18:30:44 INFO  - jmeter.threads.JMeterThread: Thread started: Thread Group 1-73 
2017/02/12 18:30:44 INFO  - jmeter.threads.JMeterThread: Thread started: Thread Group 1-74 
2017/02/12 18:30:44 INFO  - jmeter.threads.JMeterThread: Thread started: Thread Group 1-75 
2017/02/12 18:30:44 INFO  - jmeter.threads.JMeterThread: Thread started: Thread Group 1-76 
2017/02/12 18:30:44 INFO  - jmeter.threads.JMeterThread: Thread started: Thread Group 1-77 
2017/02/12 18:30:44 INFO  - jmeter.threads.JMeterThread: Thread started: Thread Group 1-78 
2017/02/12 18:30:44 INFO  - jmeter.threads.JMeterThread: Thread started: Thread Group 1-79 
2017/02/12 18:30:44 INFO  - jmeter.threads.JMeterThread: Thread started: Thread Group 1-80 
2017/02/12 18:30:44 INFO  - jmeter.threads.JMeterThread: Thread started: Thread Group 1-81 
2017/02/12 18:30:44 INFO  - jmeter.threads.JMeterThread: Thread started: Thread Group 1-82 
2017/02/12 18:30:44 INFO  - jmeter.threads.JMeterThread: Thread started: Thread Group 1-83 
2017/02/12 18:30:44 INFO  - jmeter.threads.JMeterThread: Thread started: Thread Group 1-84 
2017/02/12 18:30:44 INFO  - jmeter.threads.JMeterThread: Thread started: Thread Group 1-85 
2017/02/12 18:30:44 INFO  - jmeter.threads.JMeterThread: Thread started: Thread Group 1-86 
2017/02/12 18:30:44 INFO  - jmeter.threads.JMeterThread: Thread started: Thread Group 1-87 
2017/02/12 18:30:44 INFO  - jmeter.threads.JMeterThread: Thread started: Thread Group 1-88 
2017/02/12 18:30:44 INFO  - jmeter.threads.JMeterThread: Thread started: Thread Group 1-89 
2017/02/12 18:30:44 INFO  - jmeter.threads.JMeterThread: Thread started: Thread Group 1-90 
2017/02/12 18:30:44 INFO  - jmeter.threads.JMeterThread: Thread started: Thread Group 1-91 
2017/02/12 18:30:44 INFO  - jmeter.threads.JMeterThread: Thread started: Thread Group 1-92 
2017/02/12 18:30:44 INFO  - jmeter.threads.JMeterThread: Thread started: Thread Group 1-93 
2017/02/12 18:30:44 INFO  - jmeter.threads.JMeterThread: Thread started: Thread Group 1-94 
2017/02/12 18:30:44 INFO  - jmeter.threads.JMeterThread: Thread started: Thread Group 1-95 
2017/02/12 18:30:44 INFO  - jmeter.threads.JMeterThread: Thread started: Thread Group 1-96 
2017/02/12 18:30:44 INFO  - jmeter.threads.JMeterThread: Thread started: Thread Group 1-97 
2017/02/12 18:30:44 INFO  - jmeter.threads.JMeterThread: Thread started: Thread Group 1-98 
2017/02/12 18:30:44 INFO  - jmeter.threads.JMeterThread: Thread started: Thread Group 1-99 
2017/02/12 18:30:44 INFO  - jmeter.threads.JMeterThread: Thread started: Thread Group 1-100 
2017/02/12 18:30:53 INFO  - jmeter.threads.JMeterThread: Stopping because end time detected by thread: Thread Group 1-78 
2017/02/12 18:30:53 INFO  - jmeter.threads.JMeterThread: Thread finished: Thread Group 1-78 
2017/02/12 18:30:53 INFO  - jmeter.threads.JMeterThread: Stopping because end time detected by thread: Thread Group 1-87 
2017/02/12 18:30:53 INFO  - jmeter.threads.JMeterThread: Thread finished: Thread Group 1-87 
2017/02/12 18:30:53 INFO  - jmeter.threads.JMeterThread: Stopping because end time detected by thread: Thread Group 1-81 
2017/02/12 18:30:53 INFO  - jmeter.threads.JMeterThread: Thread finished: Thread Group 1-81 
2017/02/12 18:30:53 INFO  - jmeter.threads.JMeterThread: Stopping because end time detected by thread: Thread Group 1-1 
2017/02/12 18:30:53 INFO  - jmeter.threads.JMeterThread: Thread finished: Thread Group 1-1 
2017/02/12 18:30:53 INFO  - jmeter.threads.JMeterThread: Stopping because end time detected by thread: Thread Group 1-28 
2017/02/12 18:30:53 INFO  - jmeter.threads.JMeterThread: Thread finished: Thread Group 1-28 
2017/02/12 18:30:53 INFO  - jmeter.threads.JMeterThread: Stopping because end time detected by thread: Thread Group 1-82 
2017/02/12 18:30:53 INFO  - jmeter.threads.JMeterThread: Thread finished: Thread Group 1-82 
2017/02/12 18:30:53 INFO  - jmeter.threads.JMeterThread: Stopping because end time detected by thread: Thread Group 1-3 
2017/02/12 18:30:53 INFO  - jmeter.threads.JMeterThread: Thread finished: Thread Group 1-3 
2017/02/12 18:30:53 INFO  - jmeter.threads.JMeterThread: Stopping because end time detected by thread: Thread Group 1-61 
2017/02/12 18:30:53 INFO  - jmeter.threads.JMeterThread: Thread finished: Thread Group 1-61 
2017/02/12 18:30:53 INFO  - jmeter.threads.JMeterThread: Stopping because end time detected by thread: Thread Group 1-26 
2017/02/12 18:30:53 INFO  - jmeter.threads.JMeterThread: Thread finished: Thread Group 1-26 
2017/02/12 18:30:53 INFO  - jmeter.threads.JMeterThread: Stopping because end time detected by thread: Thread Group 1-5 
2017/02/12 18:30:53 INFO  - jmeter.threads.JMeterThread: Thread finished: Thread Group 1-5 
2017/02/12 18:30:53 INFO  - jmeter.threads.JMeterThread: Stopping because end time detected by thread: Thread Group 1-6 
2017/02/12 18:30:53 INFO  - jmeter.threads.JMeterThread: Thread finished: Thread Group 1-6 
2017/02/12 18:30:53 INFO  - jmeter.threads.JMeterThread: Stopping because end time detected by thread: Thread Group 1-29 
2017/02/12 18:30:53 INFO  - jmeter.threads.JMeterThread: Thread finished: Thread Group 1-29 
2017/02/12 18:30:53 INFO  - jmeter.threads.JMeterThread: Stopping because end time detected by thread: Thread Group 1-34 
2017/02/12 18:30:53 INFO  - jmeter.threads.JMeterThread: Thread finished: Thread Group 1-34 
2017/02/12 18:30:53 INFO  - jmeter.threads.JMeterThread: Stopping because end time detected by thread: Thread Group 1-95 
2017/02/12 18:30:53 INFO  - jmeter.threads.JMeterThread: Thread finished: Thread Group 1-95 
2017/02/12 18:30:53 INFO  - jmeter.threads.JMeterThread: Stopping because end time detected by thread: Thread Group 1-100 
2017/02/12 18:30:53 INFO  - jmeter.threads.JMeterThread: Thread finished: Thread Group 1-100 
2017/02/12 18:30:53 INFO  - jmeter.threads.JMeterThread: Stopping because end time detected by thread: Thread Group 1-91 
2017/02/12 18:30:53 INFO  - jmeter.threads.JMeterThread: Thread finished: Thread Group 1-91 
2017/02/12 18:30:53 INFO  - jmeter.threads.JMeterThread: Stopping because end time detected by thread: Thread Group 1-98 
2017/02/12 18:30:53 INFO  - jmeter.threads.JMeterThread: Thread finished: Thread Group 1-98 
2017/02/12 18:30:53 INFO  - jmeter.threads.JMeterThread: Stopping because end time detected by thread: Thread Group 1-21 
2017/02/12 18:30:53 INFO  - jmeter.threads.JMeterThread: Thread finished: Thread Group 1-21 
2017/02/12 18:30:53 INFO  - jmeter.threads.JMeterThread: Stopping because end time detected by thread: Thread Group 1-22 
2017/02/12 18:30:53 INFO  - jmeter.threads.JMeterThread: Thread finished: Thread Group 1-22 
2017/02/12 18:30:53 INFO  - jmeter.threads.JMeterThread: Stopping because end time detected by thread: Thread Group 1-31 
2017/02/12 18:30:53 INFO  - jmeter.threads.JMeterThread: Thread finished: Thread Group 1-31 
2017/02/12 18:30:53 INFO  - jmeter.threads.JMeterThread: Stopping because end time detected by thread: Thread Group 1-2 
2017/02/12 18:30:53 INFO  - jmeter.threads.JMeterThread: Thread finished: Thread Group 1-2 
2017/02/12 18:30:53 INFO  - jmeter.threads.JMeterThread: Stopping because end time detected by thread: Thread Group 1-46 
2017/02/12 18:30:53 INFO  - jmeter.threads.JMeterThread: Thread finished: Thread Group 1-46 
2017/02/12 18:30:53 INFO  - jmeter.threads.JMeterThread: Stopping because end time detected by thread: Thread Group 1-45 
2017/02/12 18:30:53 INFO  - jmeter.threads.JMeterThread: Thread finished: Thread Group 1-45 
2017/02/12 18:30:53 INFO  - jmeter.threads.JMeterThread: Stopping because end time detected by thread: Thread Group 1-35 
2017/02/12 18:30:53 INFO  - jmeter.threads.JMeterThread: Thread finished: Thread Group 1-35 
2017/02/12 18:30:53 INFO  - jmeter.threads.JMeterThread: Stopping because end time detected by thread: Thread Group 1-56 
2017/02/12 18:30:53 INFO  - jmeter.threads.JMeterThread: Thread finished: Thread Group 1-56 
2017/02/12 18:30:53 INFO  - jmeter.threads.JMeterThread: Stopping because end time detected by thread: Thread Group 1-8 
2017/02/12 18:30:53 INFO  - jmeter.threads.JMeterThread: Thread finished: Thread Group 1-8 
2017/02/12 18:30:53 INFO  - jmeter.threads.JMeterThread: Stopping because end time detected by thread: Thread Group 1-30 
2017/02/12 18:30:53 INFO  - jmeter.threads.JMeterThread: Thread finished: Thread Group 1-30 
2017/02/12 18:30:53 INFO  - jmeter.threads.JMeterThread: Stopping because end time detected by thread: Thread Group 1-63 
2017/02/12 18:30:53 INFO  - jmeter.threads.JMeterThread: Thread finished: Thread Group 1-63 
2017/02/12 18:30:53 INFO  - jmeter.threads.JMeterThread: Stopping because end time detected by thread: Thread Group 1-36 
2017/02/12 18:30:53 INFO  - jmeter.threads.JMeterThread: Thread finished: Thread Group 1-36 
2017/02/12 18:30:53 INFO  - jmeter.threads.JMeterThread: Stopping because end time detected by thread: Thread Group 1-51 
2017/02/12 18:30:53 INFO  - jmeter.threads.JMeterThread: Thread finished: Thread Group 1-51 
2017/02/12 18:30:53 INFO  - jmeter.threads.JMeterThread: Stopping because end time detected by thread: Thread Group 1-49 
2017/02/12 18:30:53 INFO  - jmeter.threads.JMeterThread: Thread finished: Thread Group 1-49 
2017/02/12 18:30:53 INFO  - jmeter.threads.JMeterThread: Stopping because end time detected by thread: Thread Group 1-99 
2017/02/12 18:30:53 INFO  - jmeter.threads.JMeterThread: Thread finished: Thread Group 1-99 
2017/02/12 18:30:53 INFO  - jmeter.threads.JMeterThread: Stopping because end time detected by thread: Thread Group 1-47 
2017/02/12 18:30:53 INFO  - jmeter.threads.JMeterThread: Thread finished: Thread Group 1-47 
2017/02/12 18:30:53 INFO  - jmeter.threads.JMeterThread: Stopping because end time detected by thread: Thread Group 1-42 
2017/02/12 18:30:53 INFO  - jmeter.threads.JMeterThread: Thread finished: Thread Group 1-42 
2017/02/12 18:30:53 INFO  - jmeter.threads.JMeterThread: Stopping because end time detected by thread: Thread Group 1-53 
2017/02/12 18:30:53 INFO  - jmeter.threads.JMeterThread: Thread finished: Thread Group 1-53 
2017/02/12 18:30:53 INFO  - jmeter.threads.JMeterThread: Stopping because end time detected by thread: Thread Group 1-12 
2017/02/12 18:30:53 INFO  - jmeter.threads.JMeterThread: Thread finished: Thread Group 1-12 
2017/02/12 18:30:53 INFO  - jmeter.threads.JMeterThread: Stopping because end time detected by thread: Thread Group 1-72 
2017/02/12 18:30:53 INFO  - jmeter.threads.JMeterThread: Thread finished: Thread Group 1-72 
2017/02/12 18:30:53 INFO  - jmeter.threads.JMeterThread: Stopping because end time detected by thread: Thread Group 1-69 
2017/02/12 18:30:53 INFO  - jmeter.threads.JMeterThread: Thread finished: Thread Group 1-69 
2017/02/12 18:30:53 INFO  - jmeter.threads.JMeterThread: Stopping because end time detected by thread: Thread Group 1-67 
2017/02/12 18:30:53 INFO  - jmeter.threads.JMeterThread: Thread finished: Thread Group 1-67 
2017/02/12 18:30:53 INFO  - jmeter.threads.JMeterThread: Stopping because end time detected by thread: Thread Group 1-85 
2017/02/12 18:30:53 INFO  - jmeter.threads.JMeterThread: Thread finished: Thread Group 1-85 
2017/02/12 18:30:53 INFO  - jmeter.threads.JMeterThread: Stopping because end time detected by thread: Thread Group 1-55 
2017/02/12 18:30:53 INFO  - jmeter.threads.JMeterThread: Thread finished: Thread Group 1-55 
2017/02/12 18:30:53 INFO  - jmeter.threads.JMeterThread: Stopping because end time detected by thread: Thread Group 1-90 
2017/02/12 18:30:53 INFO  - jmeter.threads.JMeterThread: Thread finished: Thread Group 1-90 
2017/02/12 18:30:53 INFO  - jmeter.threads.JMeterThread: Stopping because end time detected by thread: Thread Group 1-79 
2017/02/12 18:30:53 INFO  - jmeter.threads.JMeterThread: Thread finished: Thread Group 1-79 
2017/02/12 18:30:53 INFO  - jmeter.threads.JMeterThread: Stopping because end time detected by thread: Thread Group 1-74 
2017/02/12 18:30:53 INFO  - jmeter.threads.JMeterThread: Thread finished: Thread Group 1-74 
2017/02/12 18:30:53 INFO  - jmeter.threads.JMeterThread: Stopping because end time detected by thread: Thread Group 1-39 
2017/02/12 18:30:53 INFO  - jmeter.threads.JMeterThread: Thread finished: Thread Group 1-39 
2017/02/12 18:30:53 INFO  - jmeter.threads.JMeterThread: Stopping because end time detected by thread: Thread Group 1-97 
2017/02/12 18:30:53 INFO  - jmeter.threads.JMeterThread: Thread finished: Thread Group 1-97 
2017/02/12 18:30:53 INFO  - jmeter.threads.JMeterThread: Stopping because end time detected by thread: Thread Group 1-75 
2017/02/12 18:30:53 INFO  - jmeter.threads.JMeterThread: Thread finished: Thread Group 1-75 
2017/02/12 18:30:53 INFO  - jmeter.threads.JMeterThread: Stopping because end time detected by thread: Thread Group 1-83 
2017/02/12 18:30:53 INFO  - jmeter.threads.JMeterThread: Thread finished: Thread Group 1-83 
2017/02/12 18:30:53 INFO  - jmeter.threads.JMeterThread: Stopping because end time detected by thread: Thread Group 1-43 
2017/02/12 18:30:53 INFO  - jmeter.threads.JMeterThread: Thread finished: Thread Group 1-43 
2017/02/12 18:30:53 INFO  - jmeter.threads.JMeterThread: Stopping because end time detected by thread: Thread Group 1-24 
2017/02/12 18:30:53 INFO  - jmeter.threads.JMeterThread: Thread finished: Thread Group 1-24 
2017/02/12 18:30:53 INFO  - jmeter.threads.JMeterThread: Stopping because end time detected by thread: Thread Group 1-70 
2017/02/12 18:30:53 INFO  - jmeter.threads.JMeterThread: Thread finished: Thread Group 1-70 
2017/02/12 18:30:53 INFO  - jmeter.threads.JMeterThread: Stopping because end time detected by thread: Thread Group 1-14 
2017/02/12 18:30:53 INFO  - jmeter.threads.JMeterThread: Thread finished: Thread Group 1-14 
2017/02/12 18:30:53 INFO  - jmeter.threads.JMeterThread: Stopping because end time detected by thread: Thread Group 1-48 
2017/02/12 18:30:53 INFO  - jmeter.threads.JMeterThread: Thread finished: Thread Group 1-48 
2017/02/12 18:30:53 INFO  - jmeter.threads.JMeterThread: Stopping because end time detected by thread: Thread Group 1-77 
2017/02/12 18:30:53 INFO  - jmeter.threads.JMeterThread: Thread finished: Thread Group 1-77 
2017/02/12 18:30:53 INFO  - jmeter.threads.JMeterThread: Stopping because end time detected by thread: Thread Group 1-7 
2017/02/12 18:30:53 INFO  - jmeter.threads.JMeterThread: Thread finished: Thread Group 1-7 
2017/02/12 18:30:53 INFO  - jmeter.threads.JMeterThread: Stopping because end time detected by thread: Thread Group 1-80 
2017/02/12 18:30:53 INFO  - jmeter.threads.JMeterThread: Thread finished: Thread Group 1-80 
2017/02/12 18:30:53 INFO  - jmeter.threads.JMeterThread: Stopping because end time detected by thread: Thread Group 1-64 
2017/02/12 18:30:53 INFO  - jmeter.threads.JMeterThread: Thread finished: Thread Group 1-64 
2017/02/12 18:30:53 INFO  - jmeter.threads.JMeterThread: Stopping because end time detected by thread: Thread Group 1-23 
2017/02/12 18:30:53 INFO  - jmeter.threads.JMeterThread: Thread finished: Thread Group 1-23 
2017/02/12 18:30:53 INFO  - jmeter.threads.JMeterThread: Stopping because end time detected by thread: Thread Group 1-96 
2017/02/12 18:30:53 INFO  - jmeter.threads.JMeterThread: Stopping because end time detected by thread: Thread Group 1-94 
2017/02/12 18:30:53 INFO  - jmeter.threads.JMeterThread: Thread finished: Thread Group 1-96 
2017/02/12 18:30:53 INFO  - jmeter.threads.JMeterThread: Stopping because end time detected by thread: Thread Group 1-93 
2017/02/12 18:30:53 INFO  - jmeter.threads.JMeterThread: Thread finished: Thread Group 1-93 
2017/02/12 18:30:53 INFO  - jmeter.threads.JMeterThread: Thread finished: Thread Group 1-94 
2017/02/12 18:30:53 INFO  - jmeter.threads.JMeterThread: Stopping because end time detected by thread: Thread Group 1-44 
2017/02/12 18:30:53 INFO  - jmeter.threads.JMeterThread: Thread finished: Thread Group 1-44 
2017/02/12 18:30:53 INFO  - jmeter.threads.JMeterThread: Stopping because end time detected by thread: Thread Group 1-76 
2017/02/12 18:30:53 INFO  - jmeter.threads.JMeterThread: Thread finished: Thread Group 1-76 
2017/02/12 18:30:53 INFO  - jmeter.threads.JMeterThread: Stopping because end time detected by thread: Thread Group 1-33 
2017/02/12 18:30:53 INFO  - jmeter.threads.JMeterThread: Thread finished: Thread Group 1-33 
2017/02/12 18:30:53 INFO  - jmeter.threads.JMeterThread: Stopping because end time detected by thread: Thread Group 1-4 
2017/02/12 18:30:53 INFO  - jmeter.threads.JMeterThread: Thread finished: Thread Group 1-4 
2017/02/12 18:30:53 INFO  - jmeter.threads.JMeterThread: Stopping because end time detected by thread: Thread Group 1-17 
2017/02/12 18:30:53 INFO  - jmeter.threads.JMeterThread: Thread finished: Thread Group 1-17 
2017/02/12 18:30:53 INFO  - jmeter.threads.JMeterThread: Stopping because end time detected by thread: Thread Group 1-16 
2017/02/12 18:30:53 INFO  - jmeter.threads.JMeterThread: Thread finished: Thread Group 1-16 
2017/02/12 18:30:53 INFO  - jmeter.threads.JMeterThread: Stopping because end time detected by thread: Thread Group 1-15 
2017/02/12 18:30:53 INFO  - jmeter.threads.JMeterThread: Thread finished: Thread Group 1-15 
2017/02/12 18:30:53 INFO  - jmeter.threads.JMeterThread: Stopping because end time detected by thread: Thread Group 1-25 
2017/02/12 18:30:53 INFO  - jmeter.threads.JMeterThread: Thread finished: Thread Group 1-25 
2017/02/12 18:30:53 INFO  - jmeter.threads.JMeterThread: Stopping because end time detected by thread: Thread Group 1-32 
2017/02/12 18:30:53 INFO  - jmeter.threads.JMeterThread: Thread finished: Thread Group 1-32 
2017/02/12 18:30:53 INFO  - jmeter.threads.JMeterThread: Stopping because end time detected by thread: Thread Group 1-58 
2017/02/12 18:30:53 INFO  - jmeter.threads.JMeterThread: Thread finished: Thread Group 1-58 
2017/02/12 18:30:53 INFO  - jmeter.threads.JMeterThread: Stopping because end time detected by thread: Thread Group 1-10 
2017/02/12 18:30:53 INFO  - jmeter.threads.JMeterThread: Thread finished: Thread Group 1-10 
2017/02/12 18:30:53 INFO  - jmeter.threads.JMeterThread: Stopping because end time detected by thread: Thread Group 1-60 
2017/02/12 18:30:53 INFO  - jmeter.threads.JMeterThread: Thread finished: Thread Group 1-60 
2017/02/12 18:30:53 INFO  - jmeter.threads.JMeterThread: Stopping because end time detected by thread: Thread Group 1-84 
2017/02/12 18:30:53 INFO  - jmeter.threads.JMeterThread: Thread finished: Thread Group 1-84 
2017/02/12 18:30:53 INFO  - jmeter.threads.JMeterThread: Stopping because end time detected by thread: Thread Group 1-18 
2017/02/12 18:30:53 INFO  - jmeter.threads.JMeterThread: Thread finished: Thread Group 1-18 
2017/02/12 18:30:53 INFO  - jmeter.threads.JMeterThread: Stopping because end time detected by thread: Thread Group 1-71 
2017/02/12 18:30:53 INFO  - jmeter.threads.JMeterThread: Thread finished: Thread Group 1-71 
2017/02/12 18:30:53 INFO  - jmeter.threads.JMeterThread: Stopping because end time detected by thread: Thread Group 1-13 
2017/02/12 18:30:53 INFO  - jmeter.threads.JMeterThread: Thread finished: Thread Group 1-13 
2017/02/12 18:30:53 INFO  - jmeter.threads.JMeterThread: Stopping because end time detected by thread: Thread Group 1-50 
2017/02/12 18:30:53 INFO  - jmeter.threads.JMeterThread: Stopping because end time detected by thread: Thread Group 1-40 
2017/02/12 18:30:53 INFO  - jmeter.threads.JMeterThread: Thread finished: Thread Group 1-40 
2017/02/12 18:30:53 INFO  - jmeter.threads.JMeterThread: Thread finished: Thread Group 1-50 
2017/02/12 18:30:53 INFO  - jmeter.threads.JMeterThread: Stopping because end time detected by thread: Thread Group 1-20 
2017/02/12 18:30:53 INFO  - jmeter.threads.JMeterThread: Thread finished: Thread Group 1-20 
2017/02/12 18:30:53 INFO  - jmeter.threads.JMeterThread: Stopping because end time detected by thread: Thread Group 1-54 
2017/02/12 18:30:53 INFO  - jmeter.threads.JMeterThread: Thread finished: Thread Group 1-54 
2017/02/12 18:30:53 INFO  - jmeter.threads.JMeterThread: Stopping because end time detected by thread: Thread Group 1-65 
2017/02/12 18:30:53 INFO  - jmeter.threads.JMeterThread: Stopping because end time detected by thread: Thread Group 1-41 
2017/02/12 18:30:53 INFO  - jmeter.threads.JMeterThread: Thread finished: Thread Group 1-65 
2017/02/12 18:30:53 INFO  - jmeter.threads.JMeterThread: Thread finished: Thread Group 1-41 
2017/02/12 18:30:53 INFO  - jmeter.threads.JMeterThread: Stopping because end time detected by thread: Thread Group 1-92 
2017/02/12 18:30:53 INFO  - jmeter.threads.JMeterThread: Stopping because end time detected by thread: Thread Group 1-68 
2017/02/12 18:30:53 INFO  - jmeter.threads.JMeterThread: Thread finished: Thread Group 1-92 
2017/02/12 18:30:53 INFO  - jmeter.threads.JMeterThread: Thread finished: Thread Group 1-68 
2017/02/12 18:30:53 INFO  - jmeter.threads.JMeterThread: Stopping because end time detected by thread: Thread Group 1-89 
2017/02/12 18:30:53 INFO  - jmeter.threads.JMeterThread: Thread finished: Thread Group 1-89 
2017/02/12 18:30:53 INFO  - jmeter.threads.JMeterThread: Stopping because end time detected by thread: Thread Group 1-19 
2017/02/12 18:30:53 INFO  - jmeter.threads.JMeterThread: Thread finished: Thread Group 1-19 
2017/02/12 18:30:53 INFO  - jmeter.threads.JMeterThread: Stopping because end time detected by thread: Thread Group 1-11 
2017/02/12 18:30:53 INFO  - jmeter.threads.JMeterThread: Thread finished: Thread Group 1-11 
2017/02/12 18:30:53 INFO  - jmeter.threads.JMeterThread: Stopping because end time detected by thread: Thread Group 1-27 
2017/02/12 18:30:53 INFO  - jmeter.threads.JMeterThread: Thread finished: Thread Group 1-27 
2017/02/12 18:30:53 INFO  - jmeter.threads.JMeterThread: Stopping because end time detected by thread: Thread Group 1-38 
2017/02/12 18:30:53 INFO  - jmeter.threads.JMeterThread: Thread finished: Thread Group 1-38 
2017/02/12 18:30:53 INFO  - jmeter.threads.JMeterThread: Stopping because end time detected by thread: Thread Group 1-66 
2017/02/12 18:30:53 INFO  - jmeter.threads.JMeterThread: Thread finished: Thread Group 1-66 
2017/02/12 18:30:53 INFO  - jmeter.threads.JMeterThread: Stopping because end time detected by thread: Thread Group 1-86 
2017/02/12 18:30:53 INFO  - jmeter.threads.JMeterThread: Thread finished: Thread Group 1-86 
2017/02/12 18:30:54 INFO  - jmeter.threads.JMeterThread: Stopping because end time detected by thread: Thread Group 1-59 
2017/02/12 18:30:54 INFO  - jmeter.threads.JMeterThread: Thread finished: Thread Group 1-59 
2017/02/12 18:30:54 INFO  - jmeter.threads.JMeterThread: Stopping because end time detected by thread: Thread Group 1-52 
2017/02/12 18:30:54 INFO  - jmeter.threads.JMeterThread: Thread finished: Thread Group 1-52 
2017/02/12 18:30:54 INFO  - jmeter.threads.JMeterThread: Stopping because end time detected by thread: Thread Group 1-62 
2017/02/12 18:30:54 INFO  - jmeter.threads.JMeterThread: Thread finished: Thread Group 1-62 
2017/02/12 18:30:54 INFO  - jmeter.threads.JMeterThread: Stopping because end time detected by thread: Thread Group 1-37 
2017/02/12 18:30:54 INFO  - jmeter.threads.JMeterThread: Thread finished: Thread Group 1-37 
2017/02/12 18:30:54 INFO  - jmeter.threads.JMeterThread: Stopping because end time detected by thread: Thread Group 1-73 
2017/02/12 18:30:54 INFO  - jmeter.threads.JMeterThread: Thread finished: Thread Group 1-73 
2017/02/12 18:30:54 INFO  - jmeter.threads.JMeterThread: Stopping because end time detected by thread: Thread Group 1-9 
2017/02/12 18:30:54 INFO  - jmeter.threads.JMeterThread: Thread finished: Thread Group 1-9 
2017/02/12 18:30:54 INFO  - jmeter.threads.JMeterThread: Stopping because end time detected by thread: Thread Group 1-88 
2017/02/12 18:30:54 INFO  - jmeter.threads.JMeterThread: Thread finished: Thread Group 1-88 
2017/02/12 18:30:54 INFO  - jmeter.threads.JMeterThread: Stopping because end time detected by thread: Thread Group 1-57 
2017/02/12 18:30:54 INFO  - jmeter.threads.JMeterThread: Thread finished: Thread Group 1-57 
2017/02/12 18:30:54 INFO  - jmeter.engine.StandardJMeterEngine: Notifying test listeners of end of test 
